info t=2018-01-29T11:30:30.023Z Cinnamon.AppSystem.get_default() started in 212 ms
info t=2018-01-29T11:30:30.027Z loading user theme: /usr/share/themes/Linux Mint/cinnamon/cinnamon.css
info t=2018-01-29T11:30:30.043Z added icon directory: /usr/share/themes/Linux Mint/cinnamon
info t=2018-01-29T11:30:30.347Z PlacesManager: Updating devices
info t=2018-01-29T11:30:30.365Z loaded at Mon Jan 29 2018 17:00:30 GMT+0530 (IST)
info t=2018-01-29T11:30:30.427Z Loaded applet systray@cinnamon.org in 6 ms
info t=2018-01-29T11:30:30.695Z Loaded applet menu@cinnamon.org in 267 ms
info t=2018-01-29T11:30:30.761Z Loaded applet show-desktop@cinnamon.org in 64 ms
info t=2018-01-29T11:30:30.794Z Role locked: panellauncher
info t=2018-01-29T11:30:30.794Z Loaded applet panel-launchers@cinnamon.org in 32 ms
info t=2018-01-29T11:30:30.885Z Loaded applet window-list@cinnamon.org in 90 ms
info t=2018-01-29T11:30:30.899Z Loaded applet keyboard@cinnamon.org in 13 ms
info t=2018-01-29T11:30:30.911Z Role locked: notifications
info t=2018-01-29T11:30:30.915Z Loaded applet notifications@cinnamon.org in 15 ms
info t=2018-01-29T11:30:30.921Z Loaded applet removable-drives@cinnamon.org in 5 ms
info t=2018-01-29T11:30:31.299Z Loaded applet user@cinnamon.org in 377 ms
info t=2018-01-29T11:30:31.480Z Loaded applet network@cinnamon.org in 180 ms
info t=2018-01-29T11:30:31.543Z Loaded applet power@cinnamon.org in 62 ms
info t=2018-01-29T11:30:31.665Z Loaded applet calendar@cinnamon.org in 121 ms
info t=2018-01-29T11:30:31.694Z Loaded applet sound@cinnamon.org in 28 ms
info t=2018-01-29T11:30:31.694Z AppletManager.init() started in 1329 ms
info t=2018-01-29T11:30:31.696Z Cinnamon took 2017 ms to start
info t=2018-01-29T11:30:32.228Z Hiding systray: network
info t=2018-01-29T11:30:34.733Z Adding systray: blueberry-tray.py (24x24px)
info t=2018-01-29T11:30:49.863Z Adding systray: mintupdate.py (24x24px)
